Using pre-set license
Built from '2020.3/release' branch; Version is '2020.3.2f1 (8fd9074bf66c) revision 9427207'; Using compiler version '192528614'; Build Type 'Release'
OS: 'Windows 10 Home; OS build 19042.985; Version 2009; 64bit' Language: 'en' Physical Memory: 16295 MB
BatchMode: 1, IsHumanControllingUs: 0, StartBugReporterOnCrash: 0, Is64bit: 1, IsPro: 0

 COMMAND LINE ARGUMENTS:
D:\Program Files (x86)\Unity\2020.3.2f1\Editor\Unity.exe
-adb2
-batchMode
-noUpm
-name
AssetImportWorker0
-projectPath
C:/0.2 UnityTemp/Week 9 - Image Tracking
-logFile
Logs/AssetImportWorker0.log
-srvPort
50501
Successfully changed project path to: C:/0.2 UnityTemp/Week 9 - Image Tracking
C:/0.2 UnityTemp/Week 9 - Image Tracking
Using Asset Import Pipeline V2.
Refreshing native plugins compatible for Editor in 29.29 ms, found 2 plugins.
Preloading 1 native plugins for Editor in 1.04 ms.
Initialize engine version: 2020.3.2f1 (8fd9074bf66c)
[Subsystems] Discovering subsystems at path D:/Program Files (x86)/Unity/2020.3.2f1/Editor/Data/Resources/UnitySubsystems
[Subsystems] Discovering subsystems at path C:/0.2 UnityTemp/Week 9 - Image Tracking/Assets
GfxDevice: creating device client; threaded=0
Direct3D:
    Version:  Direct3D 11.0 [level 11.1]
    Renderer: NVIDIA GeForce RTX 2070 (ID=0x1f02)
    Vendor:   
    VRAM:     8031 MB
    Driver:   27.21.14.5751
Shader 'PointClouds/PointSplat': fallback shader 'PointClouds/PointSplatLegacy' not found
Initialize mono
Mono path[0] = 'D:/Program Files (x86)/Unity/2020.3.2f1/Editor/Data/Managed'
Mono path[1] = 'D:/Program Files (x86)/Unity/2020.3.2f1/Editor/Data/MonoBleedingEdge/lib/mono/unityjit'
Mono config path = 'D:/Program Files (x86)/Unity/2020.3.2f1/Editor/Data/MonoBleedingEdge/etc'
Using monoOptions --debugger-agent=transport=dt_socket,embedding=1,server=y,suspend=n,address=127.0.0.1:56668
Begin MonoManager ReloadAssembly
Registering precompiled unity dll's ...
Register platform support module: D:/Program Files (x86)/Unity/2020.3.2f1/Editor/Data/PlaybackEngines/WebGLSupport/UnityEditor.WebGL.Extensions.dll
Register platform support module: D:/Program Files (x86)/Unity/2020.3.2f1/Editor/Data/PlaybackEngines/MacStandaloneSupport/UnityEditor.OSXStandalone.Extensions.dll
Register platform support module: D:/Program Files (x86)/Unity/2020.3.2f1/Editor/Data/PlaybackEngines/WindowsStandaloneSupport/UnityEditor.WindowsStandalone.Extensions.dll
Registered in 0.001022 seconds.
Native extension for WindowsStandalone target not found
Native extension for OSXStandalone target not found
Native extension for WebGL target not found
Refreshing native plugins compatible for Editor in 25.28 ms, found 2 plugins.
Preloading 1 native plugins for Editor in 0.05 ms.
Invoked RoslynAnalysisRunner static constructor.
RoslynAnalysisRunner will not be running.
RoslynAnalysisRunner has terminated.
Mono: successfully reloaded assembly
- Completed reload, in  1.347 seconds
Platform modules already initialized, skipping
Registering precompiled user dll's ...
Registered in 0.003709 seconds.
Begin MonoManager ReloadAssembly
Native extension for WindowsStandalone target not found
Native extension for OSXStandalone target not found
Native extension for WebGL target not found
Refreshing native plugins compatible for Editor in 0.39 ms, found 2 plugins.
Preloading 1 native plugins for Editor in 0.06 ms.
System.NullReferenceException: Object reference not set to an instance of an object
  at Vuforia.EditorClasses.ExtensionTypeProvider.GetVuforiaPackageAbsPath () [0x0004a] in <f93bc12ce1034617aac9a18135b94276>:0 
  at Vuforia.EditorClasses.ExtensionTypeProvider.IsPackageManager () [0x00000] in <f93bc12ce1034617aac9a18135b94276>:0 
  at Vuforia.EditorClasses.ExtensionTypeProvider.ResolvePluginType () [0x00009] in <f93bc12ce1034617aac9a18135b94276>:0 
  at Vuforia.EditorClasses.ExtensionTypeProvider.GetPluginType () [0x0000c] in <f93bc12ce1034617aac9a18135b94276>:0 
  at Vuforia.EditorClasses.VuforiaUtilities.IsVuforiaEnabledInPlayerSettings () [0x00000] in <f93bc12ce1034617aac9a18135b94276>:0 
  at VuforiaEnabledObserver..cctor () [0x00000] in <f93bc12ce1034617aac9a18135b94276>:0 
UnityEngine.StackTraceUtility:ExtractStackTrace ()
UnityEngine.DebugLogHandler:LogFormat (UnityEngine.LogType,UnityEngine.Object,string,object[])
UnityEngine.Logger:Log (UnityEngine.LogType,object)
UnityEngine.Debug:LogError (object)
UnityEditor.EditorAssemblies:ProcessInitializeOnLoadAttributes (System.Type[])

System.NullReferenceException: Object reference not set to an instance of an object
  at Vuforia.EditorClasses.ExtensionTypeProvider.GetVuforiaPackageAbsPath () [0x0004a] in <f93bc12ce1034617aac9a18135b94276>:0 
  at Vuforia.EditorClasses.ExtensionTypeProvider.IsPackageManager () [0x00000] in <f93bc12ce1034617aac9a18135b94276>:0 
  at Vuforia.EditorClasses.ExtensionTypeProvider.ResolvePluginType () [0x00009] in <f93bc12ce1034617aac9a18135b94276>:0 
  at Vuforia.EditorClasses.ExtensionTypeProvider.GetPluginType () [0x0000c] in <f93bc12ce1034617aac9a18135b94276>:0 
  at Vuforia.EditorClasses.VuforiaUtilities.IsVuforiaEnabledInPlayerSettings () [0x00000] in <f93bc12ce1034617aac9a18135b94276>:0 
  at Vuforia.EditorClasses.InitializeOnLoadVuforiaTaskRunner..cctor () [0x00015] in <f93bc12ce1034617aac9a18135b94276>:0 
UnityEngine.StackTraceUtility:ExtractStackTrace ()
UnityEngine.DebugLogHandler:LogFormat (UnityEngine.LogType,UnityEngine.Object,string,object[])
UnityEngine.Logger:Log (UnityEngine.LogType,object)
UnityEngine.Debug:LogError (object)
UnityEditor.EditorAssemblies:ProcessInitializeOnLoadAttributes (System.Type[])

Invoked RoslynAnalysisRunner static constructor.
RoslynAnalysisRunner will not be running.
RoslynAnalysisRunner has terminated.
Mono: successfully reloaded assembly
- Completed reload, in  0.749 seconds
Platform modules already initialized, skipping
========================================================================
Worker process is ready to serve import requests
Shader 'PointClouds/PointSplat': fallback shader 'PointClouds/PointSplatLegacy' not found
Launched and connected shader compiler UnityShaderCompiler.exe after 0.03 seconds
Refreshing native plugins compatible for Editor in 0.43 ms, found 2 plugins.
Preloading 1 native plugins for Editor in 0.06 ms.
Unloading 1440 Unused Serialized files (Serialized files now loaded: 0)
System memory in use before: 69.7 MB.
System memory in use after: 69.7 MB.

Unloading 39 unused Assets to reduce memory usage. Loaded Objects now: 2138.
Total: 1.544100 ms (FindLiveObjects: 0.169200 ms CreateObjectMapping: 0.054800 ms MarkObjects: 1.256300 ms  DeleteObjects: 0.063000 ms)

========================================================================
Received Import Request.
  path: Assets/Resources/VuforiaConfiguration.asset
  artifactKey: Guid(ba7a0aabeaaed61409c1b5ac11bce29f) Importer(815301076,1909f56bfc062723c751e8b465ee728b)
Start importing Assets/Resources/VuforiaConfiguration.asset using Guid(ba7a0aabeaaed61409c1b5ac11bce29f) Importer(815301076,1909f56bfc062723c751e8b465ee728b)  -> (artifact id: '4caba47ff2ae9464e19d001f2da97210') in 0.028263 seconds
  Import took 0.030199 seconds .

========================================================================
Received Import Request.
  Time since last request: 138.438885 seconds.
  path: Assets/StreamingAssets
  artifactKey: Guid(57c54c6ad7b6dd141ae2d46719f7bd45) Importer(815301076,1909f56bfc062723c751e8b465ee728b)
Start importing Assets/StreamingAssets using Guid(57c54c6ad7b6dd141ae2d46719f7bd45) Importer(815301076,1909f56bfc062723c751e8b465ee728b)  -> (artifact id: '0387921347f57c7fb7888fadfca5e814') in 0.006620 seconds
  Import took 0.008657 seconds .

========================================================================
Received Import Request.
  Time since last request: 0.770350 seconds.
  path: Assets/Resources/VuforiaConfiguration.asset
  artifactKey: Guid(ba7a0aabeaaed61409c1b5ac11bce29f) Importer(815301076,1909f56bfc062723c751e8b465ee728b)
Start importing Assets/Resources/VuforiaConfiguration.asset using Guid(ba7a0aabeaaed61409c1b5ac11bce29f) Importer(815301076,1909f56bfc062723c751e8b465ee728b)  -> (artifact id: 'ac01d72e4e9ab1d18d52b3777514d53b') in 0.001952 seconds
  Import took 0.003871 seconds .

========================================================================
Received Import Request.
  Time since last request: 2.520064 seconds.
  path: Assets/StreamingAssets/Vuforia/AnimalSample.xml
  artifactKey: Guid(9712b3b595544af783a224931893f33e) Importer(815301076,1909f56bfc062723c751e8b465ee728b)
Start importing Assets/StreamingAssets/Vuforia/AnimalSample.xml using Guid(9712b3b595544af783a224931893f33e) Importer(815301076,1909f56bfc062723c751e8b465ee728b)  -> (artifact id: '0ca7fe84db5aca9dd300dc7e855d5371') in 0.008146 seconds
  Import took 0.010142 seconds .

========================================================================
Received Import Request.
  Time since last request: 0.426809 seconds.
  path: Assets/StreamingAssets/Vuforia/AnimalSample.dat
  artifactKey: Guid(a52afb2637714f87bf3b591d4a990d83) Importer(815301076,1909f56bfc062723c751e8b465ee728b)
Start importing Assets/StreamingAssets/Vuforia/AnimalSample.dat using Guid(a52afb2637714f87bf3b591d4a990d83) Importer(815301076,1909f56bfc062723c751e8b465ee728b)  -> (artifact id: '366de12925a4ad8051da1e005e50fb4c') in 0.004304 seconds
  Import took 0.006353 seconds .

========================================================================
Received Import Request.
  Time since last request: 1.319762 seconds.
  path: Assets/Editor/Migration/EditorMigrationScripts.asmdef
  artifactKey: Guid(f3a385ed4c943d742a2e7a85a3d4386d) Importer(815301076,1909f56bfc062723c751e8b465ee728b)
Start importing Assets/Editor/Migration/EditorMigrationScripts.asmdef using Guid(f3a385ed4c943d742a2e7a85a3d4386d) Importer(815301076,1909f56bfc062723c751e8b465ee728b)  -> (artifact id: '62b6d432e7b2300ebd00f2be2775276a') in 0.005607 seconds
  Import took 0.007557 seconds .

========================================================================
Received Import Request.
  Time since last request: 2.229039 seconds.
  path: Assets/Editor/Vuforia/ImageTargetTextures/AnimalSample/Cat_scaled.jpg
  artifactKey: Guid(8d65d8d10adf41a396c46ca811d27180) Importer(815301076,1909f56bfc062723c751e8b465ee728b)
Start importing Assets/Editor/Vuforia/ImageTargetTextures/AnimalSample/Cat_scaled.jpg using Guid(8d65d8d10adf41a396c46ca811d27180) Importer(815301076,1909f56bfc062723c751e8b465ee728b)  -> (artifact id: '2c2a32c1fb86795f487933ee2ee8456c') in 0.077743 seconds
  Import took 0.079918 seconds .

========================================================================
Received Import Request.
  Time since last request: 0.000154 seconds.
  path: Assets/Editor/Vuforia/ImageTargetTextures/AnimalSample/Dog_scaled.jpg
  artifactKey: Guid(d2d4e910eab54e30946501cbe384ecc3) Importer(815301076,1909f56bfc062723c751e8b465ee728b)
Start importing Assets/Editor/Vuforia/ImageTargetTextures/AnimalSample/Dog_scaled.jpg using Guid(d2d4e910eab54e30946501cbe384ecc3) Importer(815301076,1909f56bfc062723c751e8b465ee728b)  -> (artifact id: '995d4ac58acd68a69871275d2b3c47ac') in 0.027341 seconds
  Import took 0.029311 seconds .

========================================================================
Received Import Request.
  Time since last request: 0.000185 seconds.
  path: Assets/Editor/Vuforia/ImageTargetTextures/AnimalSample/Chicken_scaled.jpg
  artifactKey: Guid(96232fced73e44d490bd5db552fa4e8a) Importer(815301076,1909f56bfc062723c751e8b465ee728b)
Start importing Assets/Editor/Vuforia/ImageTargetTextures/AnimalSample/Chicken_scaled.jpg using Guid(96232fced73e44d490bd5db552fa4e8a) Importer(815301076,1909f56bfc062723c751e8b465ee728b)  -> (artifact id: 'df3003d2fd9e9203e5fd9dd86384c723') in 0.016949 seconds
  Import took 0.018944 seconds .

========================================================================
Received Import Request.
  Time since last request: 0.000885 seconds.
  path: Assets/Editor/Vuforia/ImageTargetTextures/AnimalSample/Chicken_scaled.jpg
  artifactKey: Guid(96232fced73e44d490bd5db552fa4e8a) Importer(815301076,1909f56bfc062723c751e8b465ee728b)
Start importing Assets/Editor/Vuforia/ImageTargetTextures/AnimalSample/Chicken_scaled.jpg using Guid(96232fced73e44d490bd5db552fa4e8a) Importer(815301076,1909f56bfc062723c751e8b465ee728b)  -> (artifact id: 'df3003d2fd9e9203e5fd9dd86384c723') in 0.012479 seconds
  Import took 0.014415 seconds .

========================================================================
Received Import Request.
  Time since last request: 462.955918 seconds.
  path: Assets/Cube.prefab
  artifactKey: Guid(36b179daa1f305043a0401cc1e7d8561) Importer(815301076,1909f56bfc062723c751e8b465ee728b)
Start importing Assets/Cube.prefab using Guid(36b179daa1f305043a0401cc1e7d8561) Importer(815301076,1909f56bfc062723c751e8b465ee728b)  -> (artifact id: '5d3d49a7cabe7c501076e71ca687a80d') in 0.059456 seconds
  Import took 0.061918 seconds .

========================================================================
Received Import Request.
  Time since last request: 0.831787 seconds.
  path: Assets
  artifactKey: Guid(00000000000000001000000000000000) Importer(815301076,1909f56bfc062723c751e8b465ee728b)
Start importing Assets using Guid(00000000000000001000000000000000) Importer(815301076,1909f56bfc062723c751e8b465ee728b)  -> (artifact id: '819a33a9bd799f71faca6db75e8a216c') in 0.005175 seconds
  Import took 0.007312 seconds .

========================================================================
Received Import Request.
  Time since last request: 3.965761 seconds.
  path: Assets/Prefabs
  artifactKey: Guid(0aad317f8de9d904794b2099bf812d0c) Importer(815301076,1909f56bfc062723c751e8b465ee728b)
Start importing Assets/Prefabs using Guid(0aad317f8de9d904794b2099bf812d0c) Importer(815301076,1909f56bfc062723c751e8b465ee728b)  -> (artifact id: '9f9d53476d72296558349a75e80abc2e') in 0.005117 seconds
  Import took 0.007223 seconds .

========================================================================
Received Prepare
Registering precompiled user dll's ...
Registered in 0.003468 seconds.
Begin MonoManager ReloadAssembly
Native extension for WindowsStandalone target not found
Native extension for OSXStandalone target not found
Native extension for WebGL target not found
Refreshing native plugins compatible for Editor in 0.39 ms, found 2 plugins.
Preloading 1 native plugins for Editor in 0.07 ms.
System.NullReferenceException: Object reference not set to an instance of an object
  at Vuforia.EditorClasses.ExtensionTypeProvider.GetVuforiaPackageAbsPath () [0x0004a] in <f93bc12ce1034617aac9a18135b94276>:0 
  at Vuforia.EditorClasses.ExtensionTypeProvider.IsPackageManager () [0x00000] in <f93bc12ce1034617aac9a18135b94276>:0 
  at Vuforia.EditorClasses.ExtensionTypeProvider.ResolvePluginType () [0x00009] in <f93bc12ce1034617aac9a18135b94276>:0 
  at Vuforia.EditorClasses.ExtensionTypeProvider.GetPluginType () [0x0000c] in <f93bc12ce1034617aac9a18135b94276>:0 
  at Vuforia.EditorClasses.VuforiaUtilities.IsVuforiaEnabledInPlayerSettings () [0x00000] in <f93bc12ce1034617aac9a18135b94276>:0 
  at VuforiaEnabledObserver..cctor () [0x00000] in <f93bc12ce1034617aac9a18135b94276>:0 
UnityEngine.StackTraceUtility:ExtractStackTrace ()
UnityEngine.DebugLogHandler:LogFormat (UnityEngine.LogType,UnityEngine.Object,string,object[])
UnityEngine.Logger:Log (UnityEngine.LogType,object)
UnityEngine.Debug:LogError (object)
UnityEditor.EditorAssemblies:ProcessInitializeOnLoadAttributes (System.Type[])

System.NullReferenceException: Object reference not set to an instance of an object
  at Vuforia.EditorClasses.ExtensionTypeProvider.GetVuforiaPackageAbsPath () [0x0004a] in <f93bc12ce1034617aac9a18135b94276>:0 
  at Vuforia.EditorClasses.ExtensionTypeProvider.IsPackageManager () [0x00000] in <f93bc12ce1034617aac9a18135b94276>:0 
  at Vuforia.EditorClasses.ExtensionTypeProvider.ResolvePluginType () [0x00009] in <f93bc12ce1034617aac9a18135b94276>:0 
  at Vuforia.EditorClasses.ExtensionTypeProvider.GetPluginType () [0x0000c] in <f93bc12ce1034617aac9a18135b94276>:0 
  at Vuforia.EditorClasses.VuforiaUtilities.IsVuforiaEnabledInPlayerSettings () [0x00000] in <f93bc12ce1034617aac9a18135b94276>:0 
  at Vuforia.EditorClasses.InitializeOnLoadVuforiaTaskRunner..cctor () [0x00015] in <f93bc12ce1034617aac9a18135b94276>:0 
UnityEngine.StackTraceUtility:ExtractStackTrace ()
UnityEngine.DebugLogHandler:LogFormat (UnityEngine.LogType,UnityEngine.Object,string,object[])
UnityEngine.Logger:Log (UnityEngine.LogType,object)
UnityEngine.Debug:LogError (object)
UnityEditor.EditorAssemblies:ProcessInitializeOnLoadAttributes (System.Type[])

Invoked RoslynAnalysisRunner static constructor.
RoslynAnalysisRunner will not be running.
RoslynAnalysisRunner has terminated.
Mono: successfully reloaded assembly
- Completed reload, in  0.704 seconds
Platform modules already initialized, skipping
Shader 'PointClouds/PointSplat': fallback shader 'PointClouds/PointSplatLegacy' not found
Refreshing native plugins compatible for Editor in 0.39 ms, found 2 plugins.
Preloading 1 native plugins for Editor in 0.06 ms.
Unloading 1424 Unused Serialized files (Serialized files now loaded: 0)
System memory in use before: 71.6 MB.
System memory in use after: 71.6 MB.

Unloading 36 unused Assets to reduce memory usage. Loaded Objects now: 2152.
Total: 1.621100 ms (FindLiveObjects: 0.164400 ms CreateObjectMapping: 0.050800 ms MarkObjects: 1.337900 ms  DeleteObjects: 0.066700 ms)

========================================================================
Received Import Request.
  Time since last request: 79.520252 seconds.
  path: Assets/Resources/VuforiaConfiguration.asset
  artifactKey: Guid(ba7a0aabeaaed61409c1b5ac11bce29f) Importer(815301076,1909f56bfc062723c751e8b465ee728b)
Start importing Assets/Resources/VuforiaConfiguration.asset using Guid(ba7a0aabeaaed61409c1b5ac11bce29f) Importer(815301076,1909f56bfc062723c751e8b465ee728b)  -> (artifact id: 'bac7de618d936a082d22a07a1e3b5668') in 0.011262 seconds
  Import took 0.013473 seconds .

========================================================================
Received Import Request.
  Time since last request: 0.000576 seconds.
  path: Assets/Resources/VuforiaConfiguration.asset
  artifactKey: Guid(ba7a0aabeaaed61409c1b5ac11bce29f) Importer(815301076,1909f56bfc062723c751e8b465ee728b)
Start importing Assets/Resources/VuforiaConfiguration.asset using Guid(ba7a0aabeaaed61409c1b5ac11bce29f) Importer(815301076,1909f56bfc062723c751e8b465ee728b)  -> (artifact id: 'bac7de618d936a082d22a07a1e3b5668') in 0.001746 seconds
  Import took 0.003522 seconds .

========================================================================
Received Prepare
Registering precompiled user dll's ...
Registered in 0.003476 seconds.
Begin MonoManager ReloadAssembly
Native extension for WindowsStandalone target not found
Native extension for OSXStandalone target not found
Native extension for WebGL target not found
Refreshing native plugins compatible for Editor in 0.39 ms, found 2 plugins.
Preloading 1 native plugins for Editor in 0.07 ms.
System.NullReferenceException: Object reference not set to an instance of an object
  at Vuforia.EditorClasses.ExtensionTypeProvider.GetVuforiaPackageAbsPath () [0x0004a] in <f93bc12ce1034617aac9a18135b94276>:0 
  at Vuforia.EditorClasses.ExtensionTypeProvider.IsPackageManager () [0x00000] in <f93bc12ce1034617aac9a18135b94276>:0 
  at Vuforia.EditorClasses.ExtensionTypeProvider.ResolvePluginType () [0x00009] in <f93bc12ce1034617aac9a18135b94276>:0 
  at Vuforia.EditorClasses.ExtensionTypeProvider.GetPluginType () [0x0000c] in <f93bc12ce1034617aac9a18135b94276>:0 
  at Vuforia.EditorClasses.VuforiaUtilities.IsVuforiaEnabledInPlayerSettings () [0x00000] in <f93bc12ce1034617aac9a18135b94276>:0 
  at VuforiaEnabledObserver..cctor () [0x00000] in <f93bc12ce1034617aac9a18135b94276>:0 
UnityEngine.StackTraceUtility:ExtractStackTrace ()
UnityEngine.DebugLogHandler:LogFormat (UnityEngine.LogType,UnityEngine.Object,string,object[])
UnityEngine.Logger:Log (UnityEngine.LogType,object)
UnityEngine.Debug:LogError (object)
UnityEditor.EditorAssemblies:ProcessInitializeOnLoadAttributes (System.Type[])

System.NullReferenceException: Object reference not set to an instance of an object
  at Vuforia.EditorClasses.ExtensionTypeProvider.GetVuforiaPackageAbsPath () [0x0004a] in <f93bc12ce1034617aac9a18135b94276>:0 
  at Vuforia.EditorClasses.ExtensionTypeProvider.IsPackageManager () [0x00000] in <f93bc12ce1034617aac9a18135b94276>:0 
  at Vuforia.EditorClasses.ExtensionTypeProvider.ResolvePluginType () [0x00009] in <f93bc12ce1034617aac9a18135b94276>:0 
  at Vuforia.EditorClasses.ExtensionTypeProvider.GetPluginType () [0x0000c] in <f93bc12ce1034617aac9a18135b94276>:0 
  at Vuforia.EditorClasses.VuforiaUtilities.IsVuforiaEnabledInPlayerSettings () [0x00000] in <f93bc12ce1034617aac9a18135b94276>:0 
  at Vuforia.EditorClasses.InitializeOnLoadVuforiaTaskRunner..cctor () [0x00015] in <f93bc12ce1034617aac9a18135b94276>:0 
UnityEngine.StackTraceUtility:ExtractStackTrace ()
UnityEngine.DebugLogHandler:LogFormat (UnityEngine.LogType,UnityEngine.Object,string,object[])
UnityEngine.Logger:Log (UnityEngine.LogType,object)
UnityEngine.Debug:LogError (object)
UnityEditor.EditorAssemblies:ProcessInitializeOnLoadAttributes (System.Type[])

Invoked RoslynAnalysisRunner static constructor.
RoslynAnalysisRunner will not be running.
RoslynAnalysisRunner has terminated.
Mono: successfully reloaded assembly
- Completed reload, in  0.687 seconds
Platform modules already initialized, skipping
Shader 'PointClouds/PointSplat': fallback shader 'PointClouds/PointSplatLegacy' not found
Refreshing native plugins compatible for Editor in 0.39 ms, found 2 plugins.
Preloading 1 native plugins for Editor in 0.05 ms.
Unloading 1424 Unused Serialized files (Serialized files now loaded: 0)
System memory in use before: 71.6 MB.
System memory in use after: 71.7 MB.

Unloading 35 unused Assets to reduce memory usage. Loaded Objects now: 2156.
Total: 1.701400 ms (FindLiveObjects: 0.143600 ms CreateObjectMapping: 0.049700 ms MarkObjects: 1.447700 ms  DeleteObjects: 0.059800 ms)

========================================================================
Received Prepare
Registering precompiled user dll's ...
Registered in 0.003487 seconds.
Begin MonoManager ReloadAssembly
Native extension for WindowsStandalone target not found
Native extension for OSXStandalone target not found
Native extension for WebGL target not found
Refreshing native plugins compatible for Editor in 0.41 ms, found 2 plugins.
Preloading 1 native plugins for Editor in 0.06 ms.
System.NullReferenceException: Object reference not set to an instance of an object
  at Vuforia.EditorClasses.ExtensionTypeProvider.GetVuforiaPackageAbsPath () [0x0004a] in <f93bc12ce1034617aac9a18135b94276>:0 
  at Vuforia.EditorClasses.ExtensionTypeProvider.IsPackageManager () [0x00000] in <f93bc12ce1034617aac9a18135b94276>:0 
  at Vuforia.EditorClasses.ExtensionTypeProvider.ResolvePluginType () [0x00009] in <f93bc12ce1034617aac9a18135b94276>:0 
  at Vuforia.EditorClasses.ExtensionTypeProvider.GetPluginType () [0x0000c] in <f93bc12ce1034617aac9a18135b94276>:0 
  at Vuforia.EditorClasses.VuforiaUtilities.IsVuforiaEnabledInPlayerSettings () [0x00000] in <f93bc12ce1034617aac9a18135b94276>:0 
  at VuforiaEnabledObserver..cctor () [0x00000] in <f93bc12ce1034617aac9a18135b94276>:0 
UnityEngine.StackTraceUtility:ExtractStackTrace ()
UnityEngine.DebugLogHandler:LogFormat (UnityEngine.LogType,UnityEngine.Object,string,object[])
UnityEngine.Logger:Log (UnityEngine.LogType,object)
UnityEngine.Debug:LogError (object)
UnityEditor.EditorAssemblies:ProcessInitializeOnLoadAttributes (System.Type[])

System.NullReferenceException: Object reference not set to an instance of an object
  at Vuforia.EditorClasses.ExtensionTypeProvider.GetVuforiaPackageAbsPath () [0x0004a] in <f93bc12ce1034617aac9a18135b94276>:0 
  at Vuforia.EditorClasses.ExtensionTypeProvider.IsPackageManager () [0x00000] in <f93bc12ce1034617aac9a18135b94276>:0 
  at Vuforia.EditorClasses.ExtensionTypeProvider.ResolvePluginType () [0x00009] in <f93bc12ce1034617aac9a18135b94276>:0 
  at Vuforia.EditorClasses.ExtensionTypeProvider.GetPluginType () [0x0000c] in <f93bc12ce1034617aac9a18135b94276>:0 
  at Vuforia.EditorClasses.VuforiaUtilities.IsVuforiaEnabledInPlayerSettings () [0x00000] in <f93bc12ce1034617aac9a18135b94276>:0 
  at Vuforia.EditorClasses.InitializeOnLoadVuforiaTaskRunner..cctor () [0x00015] in <f93bc12ce1034617aac9a18135b94276>:0 
UnityEngine.StackTraceUtility:ExtractStackTrace ()
UnityEngine.DebugLogHandler:LogFormat (UnityEngine.LogType,UnityEngine.Object,string,object[])
UnityEngine.Logger:Log (UnityEngine.LogType,object)
UnityEngine.Debug:LogError (object)
UnityEditor.EditorAssemblies:ProcessInitializeOnLoadAttributes (System.Type[])

Invoked RoslynAnalysisRunner static constructor.
RoslynAnalysisRunner will not be running.
RoslynAnalysisRunner has terminated.
Mono: successfully reloaded assembly
- Completed reload, in  0.685 seconds
Platform modules already initialized, skipping
Shader 'PointClouds/PointSplat': fallback shader 'PointClouds/PointSplatLegacy' not found
Refreshing native plugins compatible for Editor in 0.39 ms, found 2 plugins.
Preloading 1 native plugins for Editor in 0.05 ms.
Unloading 1424 Unused Serialized files (Serialized files now loaded: 0)
System memory in use before: 71.6 MB.
System memory in use after: 71.7 MB.

Unloading 34 unused Assets to reduce memory usage. Loaded Objects now: 2160.
Total: 1.531200 ms (FindLiveObjects: 0.179000 ms CreateObjectMapping: 0.049600 ms MarkObjects: 1.256200 ms  DeleteObjects: 0.045300 ms)

========================================================================
Received Prepare
Registering precompiled user dll's ...
Registered in 0.003669 seconds.
Begin MonoManager ReloadAssembly
Native extension for WindowsStandalone target not found
Native extension for OSXStandalone target not found
Native extension for WebGL target not found
Refreshing native plugins compatible for Editor in 0.43 ms, found 2 plugins.
Preloading 1 native plugins for Editor in 0.09 ms.
System.NullReferenceException: Object reference not set to an instance of an object
  at Vuforia.EditorClasses.ExtensionTypeProvider.GetVuforiaPackageAbsPath () [0x0004a] in <f93bc12ce1034617aac9a18135b94276>:0 
  at Vuforia.EditorClasses.ExtensionTypeProvider.IsPackageManager () [0x00000] in <f93bc12ce1034617aac9a18135b94276>:0 
  at Vuforia.EditorClasses.ExtensionTypeProvider.ResolvePluginType () [0x00009] in <f93bc12ce1034617aac9a18135b94276>:0 
  at Vuforia.EditorClasses.ExtensionTypeProvider.GetPluginType () [0x0000c] in <f93bc12ce1034617aac9a18135b94276>:0 
  at Vuforia.EditorClasses.VuforiaUtilities.IsVuforiaEnabledInPlayerSettings () [0x00000] in <f93bc12ce1034617aac9a18135b94276>:0 
  at VuforiaEnabledObserver..cctor () [0x00000] in <f93bc12ce1034617aac9a18135b94276>:0 
UnityEngine.StackTraceUtility:ExtractStackTrace ()
UnityEngine.DebugLogHandler:LogFormat (UnityEngine.LogType,UnityEngine.Object,string,object[])
UnityEngine.Logger:Log (UnityEngine.LogType,object)
UnityEngine.Debug:LogError (object)
UnityEditor.EditorAssemblies:ProcessInitializeOnLoadAttributes (System.Type[])

System.NullReferenceException: Object reference not set to an instance of an object
  at Vuforia.EditorClasses.ExtensionTypeProvider.GetVuforiaPackageAbsPath () [0x0004a] in <f93bc12ce1034617aac9a18135b94276>:0 
  at Vuforia.EditorClasses.ExtensionTypeProvider.IsPackageManager () [0x00000] in <f93bc12ce1034617aac9a18135b94276>:0 
  at Vuforia.EditorClasses.ExtensionTypeProvider.ResolvePluginType () [0x00009] in <f93bc12ce1034617aac9a18135b94276>:0 
  at Vuforia.EditorClasses.ExtensionTypeProvider.GetPluginType () [0x0000c] in <f93bc12ce1034617aac9a18135b94276>:0 
  at Vuforia.EditorClasses.VuforiaUtilities.IsVuforiaEnabledInPlayerSettings () [0x00000] in <f93bc12ce1034617aac9a18135b94276>:0 
  at Vuforia.EditorClasses.InitializeOnLoadVuforiaTaskRunner..cctor () [0x00015] in <f93bc12ce1034617aac9a18135b94276>:0 
UnityEngine.StackTraceUtility:ExtractStackTrace ()
UnityEngine.DebugLogHandler:LogFormat (UnityEngine.LogType,UnityEngine.Object,string,object[])
UnityEngine.Logger:Log (UnityEngine.LogType,object)
UnityEngine.Debug:LogError (object)
UnityEditor.EditorAssemblies:ProcessInitializeOnLoadAttributes (System.Type[])

Invoked RoslynAnalysisRunner static constructor.
RoslynAnalysisRunner will not be running.
RoslynAnalysisRunner has terminated.
Mono: successfully reloaded assembly
- Completed reload, in  0.769 seconds
Platform modules already initialized, skipping
Shader 'PointClouds/PointSplat': fallback shader 'PointClouds/PointSplatLegacy' not found
Refreshing native plugins compatible for Editor in 0.41 ms, found 2 plugins.
Preloading 1 native plugins for Editor in 0.05 ms.
Unloading 1424 Unused Serialized files (Serialized files now loaded: 0)
System memory in use before: 71.6 MB.
System memory in use after: 71.7 MB.

Unloading 34 unused Assets to reduce memory usage. Loaded Objects now: 2164.
Total: 2.094300 ms (FindLiveObjects: 0.194900 ms CreateObjectMapping: 0.055300 ms MarkObjects: 1.775800 ms  DeleteObjects: 0.067100 ms)

========================================================================
Received Prepare
Registering precompiled user dll's ...
Registered in 0.004663 seconds.
Begin MonoManager ReloadAssembly
Native extension for WindowsStandalone target not found
Native extension for OSXStandalone target not found
Native extension for WebGL target not found
Refreshing native plugins compatible for Editor in 0.40 ms, found 2 plugins.
Preloading 1 native plugins for Editor in 0.09 ms.
System.NullReferenceException: Object reference not set to an instance of an object
  at Vuforia.EditorClasses.ExtensionTypeProvider.GetVuforiaPackageAbsPath () [0x0004a] in <f93bc12ce1034617aac9a18135b94276>:0 
  at Vuforia.EditorClasses.ExtensionTypeProvider.IsPackageManager () [0x00000] in <f93bc12ce1034617aac9a18135b94276>:0 
  at Vuforia.EditorClasses.ExtensionTypeProvider.ResolvePluginType () [0x00009] in <f93bc12ce1034617aac9a18135b94276>:0 
  at Vuforia.EditorClasses.ExtensionTypeProvider.GetPluginType () [0x0000c] in <f93bc12ce1034617aac9a18135b94276>:0 
  at Vuforia.EditorClasses.VuforiaUtilities.IsVuforiaEnabledInPlayerSettings () [0x00000] in <f93bc12ce1034617aac9a18135b94276>:0 
  at VuforiaEnabledObserver..cctor () [0x00000] in <f93bc12ce1034617aac9a18135b94276>:0 
UnityEngine.StackTraceUtility:ExtractStackTrace ()
UnityEngine.DebugLogHandler:LogFormat (UnityEngine.LogType,UnityEngine.Object,string,object[])
UnityEngine.Logger:Log (UnityEngine.LogType,object)
UnityEngine.Debug:LogError (object)
UnityEditor.EditorAssemblies:ProcessInitializeOnLoadAttributes (System.Type[])

System.NullReferenceException: Object reference not set to an instance of an object
  at Vuforia.EditorClasses.ExtensionTypeProvider.GetVuforiaPackageAbsPath () [0x0004a] in <f93bc12ce1034617aac9a18135b94276>:0 
  at Vuforia.EditorClasses.ExtensionTypeProvider.IsPackageManager () [0x00000] in <f93bc12ce1034617aac9a18135b94276>:0 
  at Vuforia.EditorClasses.ExtensionTypeProvider.ResolvePluginType () [0x00009] in <f93bc12ce1034617aac9a18135b94276>:0 
  at Vuforia.EditorClasses.ExtensionTypeProvider.GetPluginType () [0x0000c] in <f93bc12ce1034617aac9a18135b94276>:0 
  at Vuforia.EditorClasses.VuforiaUtilities.IsVuforiaEnabledInPlayerSettings () [0x00000] in <f93bc12ce1034617aac9a18135b94276>:0 
  at Vuforia.EditorClasses.InitializeOnLoadVuforiaTaskRunner..cctor () [0x00015] in <f93bc12ce1034617aac9a18135b94276>:0 
UnityEngine.StackTraceUtility:ExtractStackTrace ()
UnityEngine.DebugLogHandler:LogFormat (UnityEngine.LogType,UnityEngine.Object,string,object[])
UnityEngine.Logger:Log (UnityEngine.LogType,object)
UnityEngine.Debug:LogError (object)
UnityEditor.EditorAssemblies:ProcessInitializeOnLoadAttributes (System.Type[])

Invoked RoslynAnalysisRunner static constructor.
RoslynAnalysisRunner will not be running.
RoslynAnalysisRunner has terminated.
Mono: successfully reloaded assembly
- Completed reload, in  0.730 seconds
Platform modules already initialized, skipping
Shader 'PointClouds/PointSplat': fallback shader 'PointClouds/PointSplatLegacy' not found
Refreshing native plugins compatible for Editor in 0.41 ms, found 2 plugins.
Preloading 1 native plugins for Editor in 0.06 ms.
Unloading 1424 Unused Serialized files (Serialized files now loaded: 0)
System memory in use before: 71.6 MB.
System memory in use after: 71.7 MB.

Unloading 34 unused Assets to reduce memory usage. Loaded Objects now: 2168.
Total: 1.641100 ms (FindLiveObjects: 0.172600 ms CreateObjectMapping: 0.053400 ms MarkObjects: 1.364400 ms  DeleteObjects: 0.049500 ms)

========================================================================
Received Prepare
Registering precompiled user dll's ...
Registered in 0.003637 seconds.
Begin MonoManager ReloadAssembly
Native extension for WindowsStandalone target not found
Native extension for OSXStandalone target not found
Native extension for WebGL target not found
Refreshing native plugins compatible for Editor in 0.44 ms, found 2 plugins.
Preloading 1 native plugins for Editor in 0.12 ms.
System.NullReferenceException: Object reference not set to an instance of an object
  at Vuforia.EditorClasses.ExtensionTypeProvider.GetVuforiaPackageAbsPath () [0x0004a] in <f93bc12ce1034617aac9a18135b94276>:0 
  at Vuforia.EditorClasses.ExtensionTypeProvider.IsPackageManager () [0x00000] in <f93bc12ce1034617aac9a18135b94276>:0 
  at Vuforia.EditorClasses.ExtensionTypeProvider.ResolvePluginType () [0x00009] in <f93bc12ce1034617aac9a18135b94276>:0 
  at Vuforia.EditorClasses.ExtensionTypeProvider.GetPluginType () [0x0000c] in <f93bc12ce1034617aac9a18135b94276>:0 
  at Vuforia.EditorClasses.VuforiaUtilities.IsVuforiaEnabledInPlayerSettings () [0x00000] in <f93bc12ce1034617aac9a18135b94276>:0 
  at VuforiaEnabledObserver..cctor () [0x00000] in <f93bc12ce1034617aac9a18135b94276>:0 
UnityEngine.StackTraceUtility:ExtractStackTrace ()
UnityEngine.DebugLogHandler:LogFormat (UnityEngine.LogType,UnityEngine.Object,string,object[])
UnityEngine.Logger:Log (UnityEngine.LogType,object)
UnityEngine.Debug:LogError (object)
UnityEditor.EditorAssemblies:ProcessInitializeOnLoadAttributes (System.Type[])

System.NullReferenceException: Object reference not set to an instance of an object
  at Vuforia.EditorClasses.ExtensionTypeProvider.GetVuforiaPackageAbsPath () [0x0004a] in <f93bc12ce1034617aac9a18135b94276>:0 
  at Vuforia.EditorClasses.ExtensionTypeProvider.IsPackageManager () [0x00000] in <f93bc12ce1034617aac9a18135b94276>:0 
  at Vuforia.EditorClasses.ExtensionTypeProvider.ResolvePluginType () [0x00009] in <f93bc12ce1034617aac9a18135b94276>:0 
  at Vuforia.EditorClasses.ExtensionTypeProvider.GetPluginType () [0x0000c] in <f93bc12ce1034617aac9a18135b94276>:0 
  at Vuforia.EditorClasses.VuforiaUtilities.IsVuforiaEnabledInPlayerSettings () [0x00000] in <f93bc12ce1034617aac9a18135b94276>:0 
  at Vuforia.EditorClasses.InitializeOnLoadVuforiaTaskRunner..cctor () [0x00015] in <f93bc12ce1034617aac9a18135b94276>:0 
UnityEngine.StackTraceUtility:ExtractStackTrace ()
UnityEngine.DebugLogHandler:LogFormat (UnityEngine.LogType,UnityEngine.Object,string,object[])
UnityEngine.Logger:Log (UnityEngine.LogType,object)
UnityEngine.Debug:LogError (object)
UnityEditor.EditorAssemblies:ProcessInitializeOnLoadAttributes (System.Type[])

Invoked RoslynAnalysisRunner static constructor.
RoslynAnalysisRunner will not be running.
RoslynAnalysisRunner has terminated.
Mono: successfully reloaded assembly
- Completed reload, in  0.766 seconds
Platform modules already initialized, skipping
Shader 'PointClouds/PointSplat': fallback shader 'PointClouds/PointSplatLegacy' not found
Refreshing native plugins compatible for Editor in 0.39 ms, found 2 plugins.
Preloading 1 native plugins for Editor in 0.05 ms.
Unloading 1424 Unused Serialized files (Serialized files now loaded: 0)
System memory in use before: 71.6 MB.
System memory in use after: 71.7 MB.

Unloading 34 unused Assets to reduce memory usage. Loaded Objects now: 2172.
Total: 1.665900 ms (FindLiveObjects: 0.202300 ms CreateObjectMapping: 0.053900 ms MarkObjects: 1.349200 ms  DeleteObjects: 0.059400 ms)

========================================================================
Received Prepare
Registering precompiled user dll's ...
Registered in 0.003661 seconds.
Begin MonoManager ReloadAssembly
Native extension for WindowsStandalone target not found
Native extension for OSXStandalone target not found
Native extension for WebGL target not found
Refreshing native plugins compatible for Editor in 0.39 ms, found 2 plugins.
Preloading 1 native plugins for Editor in 0.07 ms.
System.NullReferenceException: Object reference not set to an instance of an object
  at Vuforia.EditorClasses.ExtensionTypeProvider.GetVuforiaPackageAbsPath () [0x0004a] in <f93bc12ce1034617aac9a18135b94276>:0 
  at Vuforia.EditorClasses.ExtensionTypeProvider.IsPackageManager () [0x00000] in <f93bc12ce1034617aac9a18135b94276>:0 
  at Vuforia.EditorClasses.ExtensionTypeProvider.ResolvePluginType () [0x00009] in <f93bc12ce1034617aac9a18135b94276>:0 
  at Vuforia.EditorClasses.ExtensionTypeProvider.GetPluginType () [0x0000c] in <f93bc12ce1034617aac9a18135b94276>:0 
  at Vuforia.EditorClasses.VuforiaUtilities.IsVuforiaEnabledInPlayerSettings () [0x00000] in <f93bc12ce1034617aac9a18135b94276>:0 
  at VuforiaEnabledObserver..cctor () [0x00000] in <f93bc12ce1034617aac9a18135b94276>:0 
UnityEngine.StackTraceUtility:ExtractStackTrace ()
UnityEngine.DebugLogHandler:LogFormat (UnityEngine.LogType,UnityEngine.Object,string,object[])
UnityEngine.Logger:Log (UnityEngine.LogType,object)
UnityEngine.Debug:LogError (object)
UnityEditor.EditorAssemblies:ProcessInitializeOnLoadAttributes (System.Type[])

System.NullReferenceException: Object reference not set to an instance of an object
  at Vuforia.EditorClasses.ExtensionTypeProvider.GetVuforiaPackageAbsPath () [0x0004a] in <f93bc12ce1034617aac9a18135b94276>:0 
  at Vuforia.EditorClasses.ExtensionTypeProvider.IsPackageManager () [0x00000] in <f93bc12ce1034617aac9a18135b94276>:0 
  at Vuforia.EditorClasses.ExtensionTypeProvider.ResolvePluginType () [0x00009] in <f93bc12ce1034617aac9a18135b94276>:0 
  at Vuforia.EditorClasses.ExtensionTypeProvider.GetPluginType () [0x0000c] in <f93bc12ce1034617aac9a18135b94276>:0 
  at Vuforia.EditorClasses.VuforiaUtilities.IsVuforiaEnabledInPlayerSettings () [0x00000] in <f93bc12ce1034617aac9a18135b94276>:0 
  at Vuforia.EditorClasses.InitializeOnLoadVuforiaTaskRunner..cctor () [0x00015] in <f93bc12ce1034617aac9a18135b94276>:0 
UnityEngine.StackTraceUtility:ExtractStackTrace ()
UnityEngine.DebugLogHandler:LogFormat (UnityEngine.LogType,UnityEngine.Object,string,object[])
UnityEngine.Logger:Log (UnityEngine.LogType,object)
UnityEngine.Debug:LogError (object)
UnityEditor.EditorAssemblies:ProcessInitializeOnLoadAttributes (System.Type[])

Invoked RoslynAnalysisRunner static constructor.
RoslynAnalysisRunner will not be running.
RoslynAnalysisRunner has terminated.
Mono: successfully reloaded assembly
- Completed reload, in  0.704 seconds
Platform modules already initialized, skipping
Shader 'PointClouds/PointSplat': fallback shader 'PointClouds/PointSplatLegacy' not found
Refreshing native plugins compatible for Editor in 0.39 ms, found 2 plugins.
Preloading 1 native plugins for Editor in 0.05 ms.
Unloading 1424 Unused Serialized files (Serialized files now loaded: 0)
System memory in use before: 71.6 MB.
System memory in use after: 71.7 MB.

Unloading 34 unused Assets to reduce memory usage. Loaded Objects now: 2176.
Total: 2.183600 ms (FindLiveObjects: 0.238900 ms CreateObjectMapping: 0.093200 ms MarkObjects: 1.785500 ms  DeleteObjects: 0.064800 ms)

========================================================================
Received Prepare
Registering precompiled user dll's ...
Registered in 0.003566 seconds.
Begin MonoManager ReloadAssembly
Native extension for WindowsStandalone target not found
Native extension for OSXStandalone target not found
Native extension for WebGL target not found
Refreshing native plugins compatible for Editor in 0.40 ms, found 2 plugins.
Preloading 1 native plugins for Editor in 0.06 ms.
System.NullReferenceException: Object reference not set to an instance of an object
  at Vuforia.EditorClasses.ExtensionTypeProvider.GetVuforiaPackageAbsPath () [0x0004a] in <f93bc12ce1034617aac9a18135b94276>:0 
  at Vuforia.EditorClasses.ExtensionTypeProvider.IsPackageManager () [0x00000] in <f93bc12ce1034617aac9a18135b94276>:0 
  at Vuforia.EditorClasses.ExtensionTypeProvider.ResolvePluginType () [0x00009] in <f93bc12ce1034617aac9a18135b94276>:0 
  at Vuforia.EditorClasses.ExtensionTypeProvider.GetPluginType () [0x0000c] in <f93bc12ce1034617aac9a18135b94276>:0 
  at Vuforia.EditorClasses.VuforiaUtilities.IsVuforiaEnabledInPlayerSettings () [0x00000] in <f93bc12ce1034617aac9a18135b94276>:0 
  at VuforiaEnabledObserver..cctor () [0x00000] in <f93bc12ce1034617aac9a18135b94276>:0 
UnityEngine.StackTraceUtility:ExtractStackTrace ()
UnityEngine.DebugLogHandler:LogFormat (UnityEngine.LogType,UnityEngine.Object,string,object[])
UnityEngine.Logger:Log (UnityEngine.LogType,object)
UnityEngine.Debug:LogError (object)
UnityEditor.EditorAssemblies:ProcessInitializeOnLoadAttributes (System.Type[])

System.NullReferenceException: Object reference not set to an instance of an object
  at Vuforia.EditorClasses.ExtensionTypeProvider.GetVuforiaPackageAbsPath () [0x0004a] in <f93bc12ce1034617aac9a18135b94276>:0 
  at Vuforia.EditorClasses.ExtensionTypeProvider.IsPackageManager () [0x00000] in <f93bc12ce1034617aac9a18135b94276>:0 
  at Vuforia.EditorClasses.ExtensionTypeProvider.ResolvePluginType () [0x00009] in <f93bc12ce1034617aac9a18135b94276>:0 
  at Vuforia.EditorClasses.ExtensionTypeProvider.GetPluginType () [0x0000c] in <f93bc12ce1034617aac9a18135b94276>:0 
  at Vuforia.EditorClasses.VuforiaUtilities.IsVuforiaEnabledInPlayerSettings () [0x00000] in <f93bc12ce1034617aac9a18135b94276>:0 
  at Vuforia.EditorClasses.InitializeOnLoadVuforiaTaskRunner..cctor () [0x00015] in <f93bc12ce1034617aac9a18135b94276>:0 
UnityEngine.StackTraceUtility:ExtractStackTrace ()
UnityEngine.DebugLogHandler:LogFormat (UnityEngine.LogType,UnityEngine.Object,string,object[])
UnityEngine.Logger:Log (UnityEngine.LogType,object)
UnityEngine.Debug:LogError (object)
UnityEditor.EditorAssemblies:ProcessInitializeOnLoadAttributes (System.Type[])

Invoked RoslynAnalysisRunner static constructor.
RoslynAnalysisRunner will not be running.
RoslynAnalysisRunner has terminated.
Mono: successfully reloaded assembly
- Completed reload, in  0.675 seconds
Platform modules already initialized, skipping
Shader 'PointClouds/PointSplat': fallback shader 'PointClouds/PointSplatLegacy' not found
Refreshing native plugins compatible for Editor in 0.39 ms, found 2 plugins.
Preloading 1 native plugins for Editor in 0.05 ms.
Unloading 1424 Unused Serialized files (Serialized files now loaded: 0)
System memory in use before: 71.7 MB.
System memory in use after: 71.7 MB.

Unloading 34 unused Assets to reduce memory usage. Loaded Objects now: 2180.
Total: 1.652600 ms (FindLiveObjects: 0.177900 ms CreateObjectMapping: 0.052300 ms MarkObjects: 1.377700 ms  DeleteObjects: 0.043800 ms)

========================================================================
Received Import Request.
  Time since last request: 6198.903734 seconds.
  path: Assets/Resources/VuforiaConfiguration.asset
  artifactKey: Guid(ba7a0aabeaaed61409c1b5ac11bce29f) Importer(815301076,1909f56bfc062723c751e8b465ee728b)
Start importing Assets/Resources/VuforiaConfiguration.asset using Guid(ba7a0aabeaaed61409c1b5ac11bce29f) Importer(815301076,1909f56bfc062723c751e8b465ee728b)  -> (artifact id: '2a5ad9d91c24a77806c4685514fe9168') in 0.013518 seconds
  Import took 0.015730 seconds .

